<?xml version="1.0" encoding="UTF-8"?>
<!-- Generated by org.testng.reporters.JUnitReportReporter -->
<testsuite skipped="0" hostname="dell-PC" name="Test.SeleniumTest1" tests="1" failures="0" timestamp="2020-07-12T12:20:54 WEST" time="14.141" errors="0">
  <testcase name="getResult" time="14.141" classname="Test.SeleniumTest1"/>
  <system-out/>
</testsuite> <!-- Test.SeleniumTest1 -->
